<?xml version="1.0" encoding="UTF-8"?>
<coverage generated="1595172954528" clover="3.2.0">
  <project timestamp="1595172954529" name="All files">
    <metrics statements="26" coveredstatements="20" conditionals="14" coveredconditionals="6" methods="12" coveredmethods="7" elements="52" coveredelements="33" complexity="0" loc="26" ncloc="26" packages="2" files="2" classes="2"/>
    <package name="LightApp">
      <metrics statements="18" coveredstatements="12" conditionals="14" coveredconditionals="6" methods="11" coveredmethods="6"/>
      <file name="App.js" path="/Users/narmaury1/Documents/React Native/LightApp/App.js">
        <metrics statements="18" coveredstatements="12" conditionals="14" coveredconditionals="6" methods="11" coveredmethods="6"/>
        <line num="1" count="1" type="stmt"/>
        <line num="2" count="1" type="cond" truecount="6" falsecount="4"/>
        <line num="3" count="1" type="stmt"/>
        <line num="4" count="1" type="stmt"/>
        <line num="5" count="1" type="stmt"/>
        <line num="10" count="0" type="stmt"/>
        <line num="11" count="0" type="stmt"/>
        <line num="12" count="1" type="stmt"/>
        <line num="14" count="0" type="stmt"/>
        <line num="15" count="0" type="stmt"/>
        <line num="16" count="1" type="stmt"/>
        <line num="18" count="1" type="stmt"/>
        <line num="19" count="1" type="stmt"/>
        <line num="20" count="0" type="stmt"/>
        <line num="22" count="1" type="stmt"/>
        <line num="24" count="0" type="stmt"/>
        <line num="35" count="1" type="stmt"/>
        <line num="37" count="1" type="stmt"/>
      </file>
    </package>
    <package name="LightApp.src">
      <metrics statements="8" coveredstatements="8" conditionals="0" coveredconditionals="0" methods="1" coveredmethods="1"/>
      <file name="Button.js" path="/Users/narmaury1/Documents/React Native/LightApp/src/Button.js">
        <metrics statements="8" coveredstatements="8" conditionals="0" coveredconditionals="0" methods="1" coveredmethods="1"/>
        <line num="1" count="1" type="stmt"/>
        <line num="2" count="1" type="stmt"/>
        <line num="4" count="1" type="stmt"/>
        <line num="5" count="1" type="stmt"/>
        <line num="6" count="1" type="stmt"/>
        <line num="7" count="1" type="stmt"/>
        <line num="14" count="1" type="stmt"/>
        <line num="34" count="1" type="stmt"/>
      </file>
    </package>
  </project>
</coverage>
