{"/Users/narmaury1/Documents/React Native/LightApp/App.js": {"path":"/Users/narmaury1/Documents/React Native/LightApp/App.js","statementMap":{"0":{"start":{"line":1,"column":42},"end":{"line":1,"column":97}},"1":{"start":{"line":1,"column":128},"end":{"line":1,"column":184}},"2":{"start":{"line":1,"column":185},"end":{"line":1,"column":247}},"3":{"start":{"line":1,"column":247},"end":{"line":1,"column":272}},"4":{"start":{"line":1,"column":295},"end":{"line":1,"column":367}},"5":{"start":{"line":1,"column":388},"end":{"line":1,"column":457}},"6":{"start":{"line":1,"column":475},"end":{"line":1,"column":541}},"7":{"start":{"line":1,"column":576},"end":{"line":1,"column":659}},"8":{"start":{"line":1,"column":683},"end":{"line":1,"column":755}},"9":{"start":{"line":1,"column":769},"end":{"line":1,"column":810}},"10":{"start":{"line":2,"column":19},"end":{"line":2,"column":42}},"11":{"start":{"line":2,"column":62},"end":{"line":2,"column":119}},"12":{"start":{"line":2,"column":184},"end":{"line":2,"column":211}},"13":{"start":{"line":2,"column":212},"end":{"line":2,"column":573}},"14":{"start":{"line":2,"column":264},"end":{"line":2,"column":302}},"15":{"start":{"line":2,"column":310},"end":{"line":2,"column":509}},"16":{"start":{"line":2,"column":358},"end":{"line":2,"column":405}},"17":{"start":{"line":2,"column":406},"end":{"line":2,"column":462}},"18":{"start":{"line":2,"column":470},"end":{"line":2,"column":508}},"19":{"start":{"line":2,"column":509},"end":{"line":2,"column":571}},"20":{"start":{"line":2,"column":612},"end":{"line":2,"column":683}},"21":{"start":{"line":2,"column":670},"end":{"line":2,"column":683}},"22":{"start":{"line":2,"column":683},"end":{"line":2,"column":724}},"23":{"start":{"line":2,"column":711},"end":{"line":2,"column":724}},"24":{"start":{"line":2,"column":724},"end":{"line":2,"column":769}},"25":{"start":{"line":2,"column":757},"end":{"line":2,"column":769}},"26":{"start":{"line":2,"column":769},"end":{"line":2,"column":887}},"27":{"start":{"line":2,"column":774},"end":{"line":2,"column":848}},"28":{"start":{"line":2,"column":848},"end":{"line":2,"column":860}},"29":{"start":{"line":2,"column":873},"end":{"line":2,"column":886}},"30":{"start":{"line":3,"column":6},"end":{"line":35,"column":40}},"31":{"start":{"line":3,"column":29},"end":{"line":3,"column":70}},"32":{"start":{"line":3,"column":83},"end":{"line":3,"column":100}},"33":{"start":{"line":4,"column":33},"end":{"line":4,"column":74}},"34":{"start":{"line":5,"column":4},"end":{"line":5,"column":37}},"35":{"start":{"line":5,"column":37},"end":{"line":12,"column":6}},"36":{"start":{"line":10,"column":6},"end":{"line":10,"column":47}},"37":{"start":{"line":11,"column":6},"end":{"line":11,"column":27}},"38":{"start":{"line":12,"column":6},"end":{"line":16,"column":6}},"39":{"start":{"line":14,"column":6},"end":{"line":14,"column":48}},"40":{"start":{"line":15,"column":6},"end":{"line":15,"column":27}},"41":{"start":{"line":16,"column":6},"end":{"line":22,"column":6}},"42":{"start":{"line":18,"column":17},"end":{"line":18,"column":48}},"43":{"start":{"line":19,"column":6},"end":{"line":21,"column":9}},"44":{"start":{"line":20,"column":8},"end":{"line":20,"column":39}},"45":{"start":{"line":22,"column":6},"end":{"line":22,"column":36}},"46":{"start":{"line":22,"column":36},"end":{"line":22,"column":57}},"47":{"start":{"line":22,"column":57},"end":{"line":22,"column":70}},"48":{"start":{"line":22,"column":71},"end":{"line":35,"column":10}},"49":{"start":{"line":24,"column":6},"end":{"line":31,"column":225}},"50":{"start":{"line":35,"column":10},"end":{"line":35,"column":21}},"51":{"start":{"line":35,"column":41},"end":{"line":35,"column":63}},"52":{"start":{"line":37,"column":13},"end":{"line":42,"column":35}}},"fnMap":{"0":{"name":"_createSuper","decl":{"start":{"line":2,"column":129},"end":{"line":2,"column":141}},"loc":{"start":{"line":2,"column":151},"end":{"line":2,"column":574}},"line":2},"1":{"name":"_createSuperInternal","decl":{"start":{"line":2,"column":228},"end":{"line":2,"column":248}},"loc":{"start":{"line":2,"column":251},"end":{"line":2,"column":572}},"line":2},"2":{"name":"_isNativeReflectConstruct","decl":{"start":{"line":2,"column":583},"end":{"line":2,"column":608}},"loc":{"start":{"line":2,"column":611},"end":{"line":2,"column":888}},"line":2},"3":{"name":"(anonymous_3)","decl":{"start":{"line":2,"column":831},"end":{"line":2,"column":832}},"loc":{"start":{"line":2,"column":843},"end":{"line":2,"column":845}},"line":2},"4":{"name":"(anonymous_4)","decl":{"start":{"line":3,"column":6},"end":{"line":3,"column":7}},"loc":{"start":{"line":3,"column":28},"end":{"line":35,"column":22}},"line":3},"5":{"name":"App","decl":{"start":{"line":4,"column":11},"end":{"line":4,"column":14}},"loc":{"start":{"line":4,"column":22},"end":{"line":22,"column":71}},"line":4},"6":{"name":"(anonymous_6)","decl":{"start":{"line":9,"column":13},"end":{"line":9,"column":14}},"loc":{"start":{"line":9,"column":25},"end":{"line":12,"column":5}},"line":9},"7":{"name":"(anonymous_7)","decl":{"start":{"line":13,"column":14},"end":{"line":13,"column":15}},"loc":{"start":{"line":13,"column":26},"end":{"line":16,"column":5}},"line":13},"8":{"name":"(anonymous_8)","decl":{"start":{"line":17,"column":19},"end":{"line":17,"column":20}},"loc":{"start":{"line":17,"column":31},"end":{"line":22,"column":5}},"line":17},"9":{"name":"(anonymous_9)","decl":{"start":{"line":19,"column":21},"end":{"line":19,"column":22}},"loc":{"start":{"line":19,"column":44},"end":{"line":21,"column":7}},"line":19},"10":{"name":"render","decl":{"start":{"line":22,"column":137},"end":{"line":22,"column":143}},"loc":{"start":{"line":23,"column":4},"end":{"line":35,"column":5}},"line":23}},"branchMap":{"0":{"loc":{"start":{"line":2,"column":310},"end":{"line":2,"column":509}},"type":"if","locations":[{"start":{"line":2,"column":310},"end":{"line":2,"column":509}},{"start":{"line":2,"column":310},"end":{"line":2,"column":509}}],"line":2},"1":{"loc":{"start":{"line":2,"column":612},"end":{"line":2,"column":683}},"type":"if","locations":[{"start":{"line":2,"column":612},"end":{"line":2,"column":683}},{"start":{"line":2,"column":612},"end":{"line":2,"column":683}}],"line":2},"2":{"loc":{"start":{"line":2,"column":616},"end":{"line":2,"column":668}},"type":"binary-expr","locations":[{"start":{"line":2,"column":616},"end":{"line":2,"column":646}},{"start":{"line":2,"column":650},"end":{"line":2,"column":668}}],"line":2},"3":{"loc":{"start":{"line":2,"column":683},"end":{"line":2,"column":724}},"type":"if","locations":[{"start":{"line":2,"column":683},"end":{"line":2,"column":724}},{"start":{"line":2,"column":683},"end":{"line":2,"column":724}}],"line":2},"4":{"loc":{"start":{"line":2,"column":724},"end":{"line":2,"column":769}},"type":"if","locations":[{"start":{"line":2,"column":724},"end":{"line":2,"column":769}},{"start":{"line":2,"column":724},"end":{"line":2,"column":769}}],"line":2},"5":{"loc":{"start":{"line":27,"column":172},"end":{"line":27,"column":202}},"type":"cond-expr","locations":[{"start":{"line":27,"column":190},"end":{"line":27,"column":194}},{"start":{"line":27,"column":197},"end":{"line":27,"column":202}}],"line":27},"6":{"loc":{"start":{"line":28,"column":8},"end":{"line":31,"column":222}},"type":"cond-expr","locations":[{"start":{"line":29,"column":8},"end":{"line":29,"column":220}},{"start":{"line":31,"column":8},"end":{"line":31,"column":222}}],"line":28}},"s":{"0":1,"1":1,"2":1,"3":1,"4":1,"5":1,"6":1,"7":1,"8":1,"9":1,"10":1,"11":1,"12":1,"13":1,"14":1,"15":1,"16":1,"17":1,"18":0,"19":1,"20":1,"21":0,"22":1,"23":0,"24":1,"25":1,"26":0,"27":0,"28":0,"29":0,"30":1,"31":1,"32":1,"33":1,"34":1,"35":1,"36":0,"37":0,"38":1,"39":0,"40":0,"41":1,"42":1,"43":1,"44":0,"45":1,"46":1,"47":0,"48":1,"49":0,"50":1,"51":1,"52":1},"f":{"0":1,"1":1,"2":1,"3":0,"4":1,"5":1,"6":0,"7":0,"8":1,"9":0,"10":0},"b":{"0":[1,0],"1":[0,1],"2":[1,1],"3":[0,1],"4":[1,0],"5":[0,0],"6":[0,0]},"inputSourceMap":null,"_coverageSchema":"1a1c01bbd47fc00a2c39e90264f33305004495a9","hash":"f24901b8185a87707227bb526acb618c5109e548"}
,"/Users/narmaury1/Documents/React Native/LightApp/src/Button.js": {"path":"/Users/narmaury1/Documents/React Native/LightApp/src/Button.js","statementMap":{"0":{"start":{"line":1,"column":42},"end":{"line":1,"column":97}},"1":{"start":{"line":1,"column":98},"end":{"line":1,"column":160}},"2":{"start":{"line":1,"column":160},"end":{"line":1,"column":185}},"3":{"start":{"line":1,"column":198},"end":{"line":1,"column":238}},"4":{"start":{"line":2,"column":19},"end":{"line":2,"column":42}},"5":{"start":{"line":2,"column":55},"end":{"line":2,"column":59}},"6":{"start":{"line":2,"column":75},"end":{"line":2,"column":139}},"7":{"start":{"line":4,"column":13},"end":{"line":12,"column":1}},"8":{"start":{"line":5,"column":16},"end":{"line":5,"column":34}},"9":{"start":{"line":5,"column":47},"end":{"line":5,"column":63}},"10":{"start":{"line":6,"column":12},"end":{"line":6,"column":25}},"11":{"start":{"line":6,"column":34},"end":{"line":6,"column":45}},"12":{"start":{"line":7,"column":2},"end":{"line":9,"column":183}},"13":{"start":{"line":14,"column":13},"end":{"line":30,"column":23}},"14":{"start":{"line":34,"column":0},"end":{"line":34,"column":6}},"15":{"start":{"line":34,"column":7},"end":{"line":34,"column":34}}},"fnMap":{"0":{"name":"Button","decl":{"start":{"line":4,"column":22},"end":{"line":4,"column":28}},"loc":{"start":{"line":4,"column":36},"end":{"line":12,"column":1}},"line":4}},"branchMap":{},"s":{"0":1,"1":1,"2":1,"3":1,"4":1,"5":1,"6":1,"7":1,"8":1,"9":1,"10":1,"11":1,"12":1,"13":1,"14":1,"15":1},"f":{"0":1},"b":{},"inputSourceMap":null,"_coverageSchema":"1a1c01bbd47fc00a2c39e90264f33305004495a9","hash":"1f102f089e8006205dad463598597f2176e8df69"}
}
