TN:
SF:App.js
FN:2,_createSuper
FN:2,_createSuperInternal
FN:2,_isNativeReflectConstruct
FN:2,(anonymous_3)
FN:3,(anonymous_4)
FN:4,App
FN:9,(anonymous_6)
FN:13,(anonymous_7)
FN:17,(anonymous_8)
FN:19,(anonymous_9)
FN:22,render
FNF:11
FNH:6
FNDA:1,_createSuper
FNDA:1,_createSuperInternal
FNDA:1,_isNativeReflectConstruct
FNDA:0,(anonymous_3)
FNDA:1,(anonymous_4)
FNDA:1,App
FNDA:0,(anonymous_6)
FNDA:0,(anonymous_7)
FNDA:1,(anonymous_8)
FNDA:0,(anonymous_9)
FNDA:0,render
DA:1,1
DA:2,1
DA:3,1
DA:4,1
DA:5,1
DA:10,0
DA:11,0
DA:12,1
DA:14,0
DA:15,0
DA:16,1
DA:18,1
DA:19,1
DA:20,0
DA:22,1
DA:24,0
DA:35,1
DA:37,1
LF:18
LH:12
BRDA:2,0,0,1
BRDA:2,0,1,0
BRDA:2,1,0,0
BRDA:2,1,1,1
BRDA:2,2,0,1
BRDA:2,2,1,1
BRDA:2,3,0,0
BRDA:2,3,1,1
BRDA:2,4,0,1
BRDA:2,4,1,0
BRDA:27,5,0,0
BRDA:27,5,1,0
BRDA:28,6,0,0
BRDA:28,6,1,0
BRF:14
BRH:6
end_of_record
TN:
SF:src/Button.js
FN:4,Button
FNF:1
FNH:1
FNDA:1,Button
DA:1,1
DA:2,1
DA:4,1
DA:5,1
DA:6,1
DA:7,1
DA:14,1
DA:34,1
LF:8
LH:8
BRF:0
BRH:0
end_of_record
